[Oct 14 2018, 07: 24] Message 10142018-uss6WrYSJv sent: "Object 'Test Object 1123123' now categorized as non-biodegradeable".
[Oct 14 2018, 07: 24] Message 10142018-7SpZBHzaBM sent: "Object 'Test Object 1123123' declassified from being a biodegradable".
[Oct 14 2018, 07: 24] Object 'Test Object 1123123' declassified from being a biodegradable
[Oct 14 2018, 07: 30] Message 10142018-BoeL5BVIme sent: "Object 'Test Objcet' now categorized as non-biodegradeable".
[Oct 14 2018, 07: 31] Message 10142018-Wnum8bOeEq sent: "Object 'Test Object' now categorized as non-biodegradeable".
[Oct 14 2018, 07: 32] Message 10142018-j5JZ2hIEOV sent: "Object 'Teasseasdasd' now categorized as non-biodegradeable".
[Oct 14 2018, 07: 33] Message 10142018-Mu4BorKFyO sent: "Object 'Teasseasdasd' failed to categorize as non-biodegradeable".
[Oct 14 2018, 07: 33] Message 10142018-MCj6DoXZ5v sent: "Object 'Teasseasdasd' failed to categorize as non-biodegradeable".
[Oct 14 2018, 08: 26] Message 10142018-mWhrv2FTwi sent: "Object 'Test Object 123123' now categorized as non-biodegradeable".
[Oct 14 2018, 08: 29] Message 10142018-KGAzqon0W2 sent: "Object 'Test Object' now categorized as non-biodegradeable".
[Oct 14 2018, 08: 40] Message 10142018-OnPDbKDYnn sent: "Object 'Test Object' failed to categorize as non-biodegradeable".
[Oct 14 2018, 08: 40] Message 10142018-T7IeacyQJK sent: "Object 'Test 12312321321' now categorized as non-biodegradeable".
[Oct 14 2018, 08: 40] Message 10142018-oLBd4AcrBS sent: "Object 'Test 12312321321' declassified from being a non-biodegradable".
[Oct 14 2018, 08: 40] Object 'Test 12312321321' declassified from being a non-biodegradable
[Oct 14 2018, 08: 41] Message 10142018-08Kes93tOL sent: "Object '1231231331' now categorized as non-biodegradeable".
[Oct 14 2018, 08: 41] Message 10142018-etsalYixLm sent: "Object '1231231331' declassified from being a non-biodegradable".
[Oct 14 2018, 08: 41] Object '1231231331' declassified from being a non-biodegradable
[Oct 14 2018, 08: 46] Message 10142018-EddSMFLsZq sent: "Object 'Test object 1231231231231313' now categorized as biodegradeable".
[Oct 14 2018, 08: 46] Message 10142018-5IM3YVLITc sent: "Object 'Test object 1231231231231313' declassified from being a biodegradable".
[Oct 14 2018, 08: 46] Object 'Test object 1231231231231313' declassified from being a biodegradable
[Oct 14 2018, 08: 46] Message 10142018-O7eQEn7mtg sent: "Object 'asd1asdsa5dsa04d5a6d0' now categorized as biodegradeable".
[Oct 14 2018, 09: 06] Message 10142018-hwr3Pwfxgl sent: "Object 'Testdasodjkas dlkaj ldksad' now categorized as non-biodegradeable".
[Oct 14 2018, 09: 09] Message 10142018-HyfvsrIcB2 sent: "Object 'Testdasodjkas dlkaj ldksad' deleted from the system".
[Oct 14 2018, 09: 09] Object 'Testdasodjkas dlkaj ldksad' deleted from the system
[Oct 14 2018, 09: 09] Message 10142018-y8GiFhMfSF sent: "Object 'Testdasodjkas dlkaj ldksad' deleted from the system".
[Oct 14 2018, 09: 09] Object 'Testdasodjkas dlkaj ldksad' deleted from the system
[Oct 14 2018, 09: 10] Message 10142018-gw4rSP47OO sent: "Object 'Testdasodjkas dlkaj ldksad' deleted from the system".
[Oct 14 2018, 09: 10] Object 'Testdasodjkas dlkaj ldksad' deleted from the system
