[Oct 13 2018, 16: 35] Message 10132018-ND1qtjcyje sent: "Object 'time' now categorized as biodegradeable".
[Oct 13 2018, 16: 43] Message 10132018-6PWwg3vOdo sent: "Object 'a45dadsas0d8' now categorized as biodegradeable".
[Oct 13 2018, 16: 45] Message 10132018-IZkxdKI6iT sent: "Object '51606545jghjghj' now categorized as biodegradeable".
[Oct 13 2018, 16: 46] Message 10132018-n9nmVnDjOx sent: "Object 'Testing' now categorized as biodegradeable".
[Oct 13 2018, 16: 46] Message 10132018-URfUZV2kv1 sent: "Object 'Testing 12345' now categorized as biodegradeable".
[Oct 13 2018, 16: 46] Message 10132018-kXWZUEqFVf sent: "Object 'Object 123' now categorized as biodegradeable".
[Oct 13 2018, 16: 52] Message 10132018-280ti7Q1Ho sent: "Object '5ZXas80d9a' now categorized as biodegradeable".
[Oct 13 2018, 17: 48] Message 10132018-zPaBGmzjML sent: "Object 'Object 123' declassified from being a biodegradable".
[Oct 13 2018, 17: 48] Object 'Object 123' declassified from being a biodegradable
[Oct 13 2018, 17: 48] Message 10132018-IOrqtdsTbS sent: "Object '5ZXas80d9a' declassified from being a biodegradable".
[Oct 13 2018, 17: 48] Object '5ZXas80d9a' declassified from being a biodegradable
[Oct 13 2018, 17: 48] Message 10132018-zxlIIWE8Ns sent: "Object 'Testing' declassified from being a biodegradable".
[Oct 13 2018, 17: 48] Object 'Testing' declassified from being a biodegradable
[Oct 13 2018, 17: 48] Message 10132018-LRMFxBnLOp sent: "Object 'Testing 12345' declassified from being a biodegradable".
[Oct 13 2018, 17: 48] Object 'Testing 12345' declassified from being a biodegradable
[Oct 13 2018, 17: 48] Message 10132018-oPVLz8eDQk sent: "Object '4asd5a066a0sd' now categorized as biodegradeable".
[Oct 13 2018, 17: 49] Message 10132018-eNiyrKw182 sent: "Object '4asd5a066a0sd' declassified from being a biodegradable".
[Oct 13 2018, 17: 49] Object '4asd5a066a0sd' declassified from being a biodegradable
[Oct 13 2018, 18: 55] Message 10132018-C3AipH2Izl sent: "Object 'Test Object' now categorized as biodegradeable".
[Oct 13 2018, 18: 55] Message 10132018-h9MkuCFYmy sent: "Object 'Test Object 2' now categorized as biodegradeable".
[Oct 13 2018, 18: 56] Message 10132018-hYG7qWkOLa sent: "Object 'Test Object' declassified from being a biodegradable".
[Oct 13 2018, 18: 56] Object 'Test Object' declassified from being a biodegradable
[Oct 13 2018, 18: 56] Message 10132018-vvIyejHPHE sent: "Object 'Test Object 2' declassified from being a biodegradable".
[Oct 13 2018, 18: 56] Object 'Test Object 2' declassified from being a biodegradable
[Oct 13 2018, 21: 11] Message 10132018-rdVB1rhcIU sent: "Object 'Test object' failed to categorize as non-biodegradeable".
[Oct 13 2018, 21: 12] Message 10132018-3wWTkvJUCR sent: "Object 'Test object 2' failed to categorize as non-biodegradeable".
[Oct 13 2018, 21: 12] Message 10132018-xv4x1osqng sent: "Object 'Test Test Test' now categorized as non-biodegradeable".
[Oct 13 2018, 21: 18] Message 10132018-hbnw6xg3in sent: "Object 'Test Object 2' failed to categorize as non-biodegradeable".
[Oct 13 2018, 21: 23] Message 10132018-lsOka2Okgn sent: "Object 'Test123123123' now categorized as non-biodegradeable".
